<?xml version="1.0" encoding="UTF-8"?>
<!-- Generated by org.testng.reporters.JUnitReportReporter -->
<testsuite hostname="Tejaswini" failures="0" tests="1" name="com.example.AppTest" time="32.213" errors="0" timestamp="2024-04-27T09:58:51 IST" skipped="0">
  <testcase classname="com.example.AppTest" name="TestExecute" time="32.213"/>
</testsuite> <!-- com.example.AppTest -->
